# JRE version: OpenJDK Runtime Environment (8.0_282-b08) (build 1.8.0_282-b08)
# Java VM: OpenJDK 64-Bit Server VM (25.282-b08 mixed mode windows-amd64 compressed oops)
Heap:
 PSYoungGen      total 38400K, used 35576K [0x00000000d5580000, 0x00000000d8000000, 0x0000000100000000)
  eden space 33280K, 91% used [0x00000000d5580000,0x00000000d7341fb0,0x00000000d7600000)
  from space 5120K, 99% used [0x00000000d7600000,0x00000000d7afc198,0x00000000d7b00000)
  to   space 5120K, 0% used [0x00000000d7b00000,0x00000000d7b00000,0x00000000d8000000)
 ParOldGen       total 55808K, used 13638K [0x0000000080000000, 0x0000000083680000, 0x00000000d5580000)
  object space 55808K, 24% used [0x0000000080000000,0x0000000080d518a0,0x0000000083680000)
 Metaspace       used 26744K, capacity 27074K, committed 27392K, reserved 1073152K
  class space    used 2957K, capacity 3057K, committed 3072K, reserved 1048576K
GC Heap History (8 events):
Event: 34.927 GC heap before
{Heap before GC invocations=1 (full 0):
 PSYoungGen      total 38400K, used 33280K [0x00000000d5580000, 0x00000000d8000000, 0x0000000100000000)
  eden space 33280K, 100% used [0x00000000d5580000,0x00000000d7600000,0x00000000d7600000)
  from space 5120K, 0% used [0x00000000d7b00000,0x00000000d7b00000,0x00000000d8000000)
  to   space 5120K, 0% used [0x00000000d7600000,0x00000000d7600000,0x00000000d7b00000)
 ParOldGen       total 87552K, used 0K [0x0000000080000000, 0x0000000085580000, 0x00000000d5580000)
  object space 87552K, 0% used [0x0000000080000000,0x0000000080000000,0x0000000085580000)
 Metaspace       used 18787K, capacity 19120K, committed 19456K, reserved 1067008K
  class space    used 2142K, capacity 2244K, committed 2304K, reserved 1048576K
Event: 34.942 GC heap after
Heap after GC invocations=1 (full 0):
 PSYoungGen      total 38400K, used 5107K [0x00000000d5580000, 0x00000000d8000000, 0x0000000100000000)
  eden space 33280K, 0% used [0x00000000d5580000,0x00000000d5580000,0x00000000d7600000)
  from space 5120K, 99% used [0x00000000d7600000,0x00000000d7afccb8,0x00000000d7b00000)
  to   space 5120K, 0% used [0x00000000d7b00000,0x00000000d7b00000,0x00000000d8000000)
 ParOldGen       total 87552K, used 441K [0x0000000080000000, 0x0000000085580000, 0x00000000d5580000)
  object space 87552K, 0% used [0x0000000080000000,0x000000008006e668,0x0000000085580000)
 Metaspace       used 18787K, capacity 19120K, committed 19456K, reserved 1067008K
  class space    used 2142K, capacity 2244K, committed 2304K, reserved 1048576K
}
Event: 37.856 GC heap before
{Heap before GC invocations=2 (full 0):
 PSYoungGen      total 38400K, used 34403K [0x00000000d5580000, 0x00000000d8000000, 0x0000000100000000)
  eden space 33280K, 88% used [0x00000000d5580000,0x00000000d721bf50,0x00000000d7600000)
  from space 5120K, 99% used [0x00000000d7600000,0x00000000d7afccb8,0x00000000d7b00000)
  to   space 5120K, 0% used [0x00000000d7b00000,0x00000000d7b00000,0x00000000d8000000)
 ParOldGen       total 87552K, used 441K [0x0000000080000000, 0x0000000085580000, 0x00000000d5580000)
  object space 87552K, 0% used [0x0000000080000000,0x000000008006e668,0x0000000085580000)
 Metaspace       used 20614K, capacity 20899K, committed 21296K, reserved 1069056K
  class space    used 2244K, capacity 2342K, committed 2432K, reserved 1048576K
Event: 37.875 GC heap after
Heap after GC invocations=2 (full 0):
 PSYoungGen      total 38400K, used 5112K [0x00000000d5580000, 0x00000000d8000000, 0x0000000100000000)
  eden space 33280K, 0% used [0x00000000d5580000,0x00000000d5580000,0x00000000d7600000)
  from space 5120K, 99% used [0x00000000d7b00000,0x00000000d7ffe178,0x00000000d8000000)
  to   space 5120K, 0% used [0x00000000d7600000,0x00000000d7600000,0x00000000d7b00000)
 ParOldGen       total 87552K, used 8170K [0x0000000080000000, 0x0000000085580000, 0x00000000d5580000)
  object space 87552K, 9% used [0x0000000080000000,0x00000000807fa968,0x0000000085580000)
 Metaspace       used 20614K, capacity 20899K, committed 21296K, reserved 1069056K
  class space    used 2244K, capacity 2342K, committed 2432K, reserved 1048576K
}
Event: 37.875 GC heap before
{Heap before GC invocations=3 (full 1):
 PSYoungGen      total 38400K, used 5112K [0x00000000d5580000, 0x00000000d8000000, 0x0000000100000000)
  eden space 33280K, 0% used [0x00000000d5580000,0x00000000d5580000,0x00000000d7600000)
  from space 5120K, 99% used [0x00000000d7b00000,0x00000000d7ffe178,0x00000000d8000000)
  to   space 5120K, 0% used [0x00000000d7600000,0x00000000d7600000,0x00000000d7b00000)
 ParOldGen       total 87552K, used 8170K [0x0000000080000000, 0x0000000085580000, 0x00000000d5580000)
  object space 87552K, 9% used [0x0000000080000000,0x00000000807fa968,0x0000000085580000)
 Metaspace       used 20614K, capacity 20899K, committed 21296K, reserved 1069056K
  class space    used 2244K, capacity 2342K, committed 2432K, reserved 1048576K
Event: 37.946 GC heap after
Heap after GC invocations=3 (full 1):
 PSYoungGen      total 38400K, used 0K [0x00000000d5580000, 0x00000000d8000000, 0x0000000100000000)
  eden space 33280K, 0% used [0x00000000d5580000,0x00000000d5580000,0x00000000d7600000)
  from space 5120K, 0% used [0x00000000d7b00000,0x00000000d7b00000,0x00000000d8000000)
  to   space 5120K, 0% used [0x00000000d7600000,0x00000000d7600000,0x00000000d7b00000)
 ParOldGen       total 55808K, used 12690K [0x0000000080000000, 0x0000000083680000, 0x00000000d5580000)
  object space 55808K, 22% used [0x0000000080000000,0x0000000080c64830,0x0000000083680000)
 Metaspace       used 20614K, capacity 20899K, committed 21296K, reserved 1069056K
  class space    used 2244K, capacity 2342K, committed 2432K, reserved 1048576K
}
Event: 38.873 GC heap before
{Heap before GC invocations=4 (full 1):
 PSYoungGen      total 38400K, used 33280K [0x00000000d5580000, 0x00000000d8000000, 0x0000000100000000)
  eden space 33280K, 100% used [0x00000000d5580000,0x00000000d7600000,0x00000000d7600000)
  from space 5120K, 0% used [0x00000000d7b00000,0x00000000d7b00000,0x00000000d8000000)
  to   space 5120K, 0% used [0x00000000d7600000,0x00000000d7600000,0x00000000d7b00000)
 ParOldGen       total 55808K, used 12690K [0x0000000080000000, 0x0000000083680000, 0x00000000d5580000)
  object space 55808K, 22% used [0x0000000080000000,0x0000000080c64830,0x0000000083680000)
 Metaspace       used 24648K, capacity 24966K, committed 25472K, reserved 1071104K
  class space    used 2771K, capacity 2857K, committed 2944K, reserved 1048576K
Event: 38.891 GC heap after
Heap after GC invocations=4 (full 1):
 PSYoungGen      total 38400K, used 5104K [0x00000000d5580000, 0x00000000d8000000, 0x0000000100000000)
  eden space 33280K, 0% used [0x00000000d5580000,0x00000000d5580000,0x00000000d7600000)
  from space 5120K, 99% used [0x00000000d7600000,0x00000000d7afc198,0x00000000d7b00000)
  to   space 5120K, 0% used [0x00000000d7b00000,0x00000000d7b00000,0x00000000d8000000)
 ParOldGen       total 55808K, used 13638K [0x0000000080000000, 0x0000000083680000, 0x00000000d5580000)
  object space 55808K, 24% used [0x0000000080000000,0x0000000080d518a0,0x0000000083680000)
 Metaspace       used 24648K, capacity 24966K, committed 25472K, reserved 1071104K
  class space    used 2771K, capacity 2857K, committed 2944K, reserved 1048576K
}

